2021-06-24 23:29:28,649 INFO o.a.j.u.JMeterUtils: Setting Locale to en_EN
2021-06-24 23:29:28,657 INFO o.a.j.JMeter: Loading user properties from: user.properties
2021-06-24 23:29:28,657 INFO o.a.j.JMeter: Loading system properties from: system.properties
2021-06-24 23:29:28,663 INFO o.a.j.JMeter: Copyright (c) 1998-2021 The Apache Software Foundation
2021-06-24 23:29:28,663 INFO o.a.j.JMeter: Version 5.4.1
2021-06-24 23:29:28,663 INFO o.a.j.JMeter: java.version=1.8.0_271
2021-06-24 23:29:28,663 INFO o.a.j.JMeter: java.vm.name=Java HotSpot(TM) Client VM
2021-06-24 23:29:28,663 INFO o.a.j.JMeter: os.name=Windows 10
2021-06-24 23:29:28,664 INFO o.a.j.JMeter: os.arch=x86
2021-06-24 23:29:28,664 INFO o.a.j.JMeter: os.version=10.0
2021-06-24 23:29:28,664 INFO o.a.j.JMeter: file.encoding=Cp1252
2021-06-24 23:29:28,664 INFO o.a.j.JMeter: java.awt.headless=null
2021-06-24 23:29:28,664 INFO o.a.j.JMeter: Max memory     =1073741824
2021-06-24 23:29:28,664 INFO o.a.j.JMeter: Available Processors =12
2021-06-24 23:29:28,667 INFO o.a.j.JMeter: Default Locale=English (EN)
2021-06-24 23:29:28,667 INFO o.a.j.JMeter: JMeter  Locale=English (EN)
2021-06-24 23:29:28,667 INFO o.a.j.JMeter: JMeterHome=D:\users\eidur\Desktop\apache-jmeter-5.4.1
2021-06-24 23:29:28,667 INFO o.a.j.JMeter: user.dir  =D:\users\eidur\Desktop\apache-jmeter-5.4.1\bin
2021-06-24 23:29:28,667 INFO o.a.j.JMeter: PWD       =D:\users\eidur\Desktop\apache-jmeter-5.4.1\bin
2021-06-24 23:29:28,668 INFO o.a.j.JMeter: IP: 192.168.100.24 Name: DESKTOP-495QVB3 FullName: DESKTOP-495QVB3
2021-06-24 23:29:28,835 INFO o.a.j.JMeter: Setting LAF to: com.github.weisj.darklaf.DarkLaf:com.github.weisj.darklaf.theme.DarculaTheme
2021-06-24 23:29:29,497 INFO o.a.j.JMeter: Loaded icon properties from org/apache/jmeter/images/icon.properties
2021-06-24 23:29:30,622 INFO o.j.r.JARSourceHTTP: Found cached repo
2021-06-24 23:29:30,738 INFO o.j.r.PluginManager: Plugins Status: [jpgc-plugins-manager=1.6, bzm-random-csv=0.7, jmeter-core=5.4.1, jmeter-ftp=5.4.1, jmeter-http=5.4.1, jmeter-jdbc=5.4.1, jmeter-jms=5.4.1, jmeter-junit=5.4.1, jmeter-java=5.4.1, jmeter-ldap=5.4.1, jmeter-mail=5.4.1, jmeter-mongodb=5.4.1, jmeter-native=5.4.1, jmeter-tcp=5.4.1, jmeter-components=5.4.1]
2021-06-24 23:29:41,928 INFO o.a.j.s.FileServer: Default base='D:\users\eidur\Desktop\apache-jmeter-5.4.1\bin'
2021-06-24 23:29:41,930 INFO o.a.j.g.a.Load: Loading file: D:\users\eidur\Desktop\Bases I\Proyecto2-BD1\Automation\Loop Controller.jmx
2021-06-24 23:29:41,930 INFO o.a.j.s.FileServer: Set new base='D:\users\eidur\Desktop\Bases I\Proyecto2-BD1\Automation'
2021-06-24 23:29:42,015 INFO o.a.j.s.SaveService: Testplan (JMX) version: 2.2. Testlog (JTL) version: 2.2
2021-06-24 23:29:42,024 INFO o.a.j.s.SaveService: Using SaveService properties file encoding UTF-8
2021-06-24 23:29:42,025 INFO o.a.j.s.SaveService: Using SaveService properties version 5.0
2021-06-24 23:29:42,027 INFO o.a.j.s.SaveService: Loading file: D:\users\eidur\Desktop\Bases I\Proyecto2-BD1\Automation\Loop Controller.jmx
2021-06-24 23:29:42,117 INFO o.a.j.p.h.s.HTTPSamplerBase: Parser for text/html is org.apache.jmeter.protocol.http.parser.LagartoBasedHtmlParser
2021-06-24 23:29:42,117 INFO o.a.j.p.h.s.HTTPSamplerBase: Parser for application/xhtml+xml is org.apache.jmeter.protocol.http.parser.LagartoBasedHtmlParser
2021-06-24 23:29:42,117 INFO o.a.j.p.h.s.HTTPSamplerBase: Parser for application/xml is org.apache.jmeter.protocol.http.parser.LagartoBasedHtmlParser
2021-06-24 23:29:42,117 INFO o.a.j.p.h.s.HTTPSamplerBase: Parser for text/xml is org.apache.jmeter.protocol.http.parser.LagartoBasedHtmlParser
2021-06-24 23:29:42,117 INFO o.a.j.p.h.s.HTTPSamplerBase: Parser for text/vnd.wap.wml is org.apache.jmeter.protocol.http.parser.RegexpHTMLParser
2021-06-24 23:29:42,118 INFO o.a.j.p.h.s.HTTPSamplerBase: Parser for text/css is org.apache.jmeter.protocol.http.parser.CssParser
2021-06-24 23:29:42,265 INFO o.a.j.s.SampleResult: Note: Sample TimeStamps are START times
2021-06-24 23:29:42,265 INFO o.a.j.s.SampleResult: sampleresult.default.encoding is set to ISO-8859-1
2021-06-24 23:29:42,266 INFO o.a.j.s.SampleResult: sampleresult.useNanoTime=true
2021-06-24 23:29:42,266 INFO o.a.j.s.SampleResult: sampleresult.nanoThreadSleep=5000
2021-06-24 23:29:42,435 INFO o.a.j.s.FileServer: Set new base='D:\users\eidur\Desktop\Bases I\Proyecto2-BD1\Automation'
2021-06-25 00:13:02,209 INFO o.a.j.e.StandardJMeterEngine: Running the test!
2021-06-25 00:13:02,210 INFO o.a.j.s.SampleEvent: List of sample_variables: []
2021-06-25 00:13:02,210 INFO o.a.j.s.SampleEvent: List of sample_variables: []
2021-06-25 00:13:02,211 INFO o.a.j.e.u.CompoundVariable: Note: Function class names must contain the string: '.functions.'
2021-06-25 00:13:02,211 INFO o.a.j.e.u.CompoundVariable: Note: Function class names must not contain the string: '.gui.'
2021-06-25 00:13:02,464 INFO o.a.j.g.u.JMeterMenuBar: setRunning(true, *local*)
2021-06-25 00:13:02,745 INFO o.a.j.e.StandardJMeterEngine: Starting ThreadGroup: 1 : Thread Habit
2021-06-25 00:13:02,745 INFO o.a.j.e.StandardJMeterEngine: Starting 1 threads for group Thread Habit.
2021-06-25 00:13:02,745 INFO o.a.j.e.StandardJMeterEngine: Thread will continue on error
2021-06-25 00:13:02,746 INFO o.a.j.t.ThreadGroup: Starting thread group... number=1 threads=1 ramp-up=1 delayedStart=false
2021-06-25 00:13:02,748 INFO o.a.j.t.ThreadGroup: Started thread group number 1
2021-06-25 00:13:02,748 INFO o.a.j.e.StandardJMeterEngine: Starting ThreadGroup: 2 : Thread Post
2021-06-25 00:13:02,748 INFO o.a.j.e.StandardJMeterEngine: Starting 1 threads for group Thread Post.
2021-06-25 00:13:02,748 INFO o.a.j.e.StandardJMeterEngine: Thread will continue on error
2021-06-25 00:13:02,748 INFO o.a.j.t.ThreadGroup: Starting thread group... number=2 threads=1 ramp-up=1 delayedStart=false
2021-06-25 00:13:02,749 INFO o.a.j.t.ThreadGroup: Started thread group number 2
2021-06-25 00:13:02,749 INFO o.a.j.e.StandardJMeterEngine: All thread groups have been started
2021-06-25 00:13:02,752 INFO o.a.j.t.JMeterThread: Thread started: Thread Habit 1-1
2021-06-25 00:13:02,752 INFO o.a.j.t.JMeterThread: Thread started: Thread Post 2-1
2021-06-25 00:13:02,755 INFO c.b.c.RandomCSVReader: Start reading the file: D:\users\eidur\Desktop\Bases I\Proyecto2-BD1\Automation\test1.csv
2021-06-25 00:13:02,755 INFO c.b.c.RandomCSVReader: Start reading the file: D:\users\eidur\Desktop\Bases I\Proyecto2-BD1\Automation\test1.csv
2021-06-25 00:13:02,758 INFO c.b.c.RandomCSVReader: Reading finished. Found 4 records in your csv file
2021-06-25 00:13:02,758 INFO c.b.c.RandomCSVReader: Reading finished. Found 4 records in your csv file
2021-06-25 00:13:02,759 INFO c.b.c.RandomCSVReader: Start reading the file: D:\users\eidur\Desktop\Bases I\Proyecto2-BD1\Automation\test1.csv
2021-06-25 00:13:02,759 INFO c.b.c.RandomCSVReader: Start reading the file: D:\users\eidur\Desktop\Bases I\Proyecto2-BD1\Automation\test1.csv
2021-06-25 00:13:02,759 INFO c.b.c.RandomCSVReader: Reading finished. Found 4 records in your csv file
2021-06-25 00:13:02,759 INFO c.b.c.RandomCSVReader: Reading finished. Found 4 records in your csv file
2021-06-25 00:13:02,761 INFO o.a.j.s.FileServer: Stored: D:/users/eidur/Desktop/Bases I/Proyecto2-BD1/Automation/months.csv
2021-06-25 00:13:02,762 INFO o.a.j.s.FileServer: Stored: D:/users/eidur/Desktop/Bases I/Proyecto2-BD1/Automation/monthshabits.csv Alias: D:/users/eidur/Desktop/Bases I/Proyecto2-BD1/Automation/monthshabits.csv@1470341
2021-06-25 00:13:02,766 INFO o.a.j.s.FileServer: Stored: D:/users/eidur/Desktop/Bases I/Proyecto2-BD1/Automation/coordinates.csv
2021-06-25 00:13:02,772 INFO o.a.j.p.h.s.HTTPHCAbstractImpl: Local host = DESKTOP-495QVB3
2021-06-25 00:13:02,777 INFO o.a.j.p.h.s.HTTPHC4Impl: HTTP request retry count = 0
2021-06-25 00:13:02,827 INFO o.a.j.t.JMeterThread: Thread is done: Thread Post 2-1
2021-06-25 00:13:02,827 INFO o.a.j.t.JMeterThread: Thread finished: Thread Post 2-1
2021-06-25 00:13:02,926 INFO o.a.j.t.JMeterThread: Thread is done: Thread Habit 1-1
2021-06-25 00:13:02,926 INFO o.a.j.t.JMeterThread: Thread finished: Thread Habit 1-1
2021-06-25 00:13:02,927 INFO o.a.j.e.StandardJMeterEngine: Notifying test listeners of end of test
2021-06-25 00:13:02,927 INFO o.a.j.s.FileServer: Close: D:/users/eidur/Desktop/Bases I/Proyecto2-BD1/Automation/coordinates.csv
2021-06-25 00:13:02,927 INFO o.a.j.s.FileServer: Close: D:/users/eidur/Desktop/Bases I/Proyecto2-BD1/Automation/months.csv
2021-06-25 00:13:02,928 INFO o.a.j.s.FileServer: Close: D:/users/eidur/Desktop/Bases I/Proyecto2-BD1/Automation/monthshabits.csv@1470341
2021-06-25 00:13:02,928 INFO o.a.j.g.u.JMeterMenuBar: setRunning(false, *local*)
2021-06-25 00:14:19,237 INFO o.a.j.e.StandardJMeterEngine: Running the test!
2021-06-25 00:14:19,238 INFO o.a.j.s.SampleEvent: List of sample_variables: []
2021-06-25 00:14:19,239 INFO o.a.j.g.u.JMeterMenuBar: setRunning(true, *local*)
2021-06-25 00:14:19,315 INFO o.a.j.e.StandardJMeterEngine: Starting ThreadGroup: 1 : Thread Habit
2021-06-25 00:14:19,315 INFO o.a.j.e.StandardJMeterEngine: Starting 1 threads for group Thread Habit.
2021-06-25 00:14:19,315 INFO o.a.j.e.StandardJMeterEngine: Thread will continue on error
2021-06-25 00:14:19,315 INFO o.a.j.t.ThreadGroup: Starting thread group... number=1 threads=1 ramp-up=1 delayedStart=false
2021-06-25 00:14:19,315 INFO o.a.j.t.ThreadGroup: Started thread group number 1
2021-06-25 00:14:19,315 INFO o.a.j.e.StandardJMeterEngine: Starting ThreadGroup: 2 : Thread Post
2021-06-25 00:14:19,315 INFO o.a.j.e.StandardJMeterEngine: Starting 1 threads for group Thread Post.
2021-06-25 00:14:19,315 INFO o.a.j.e.StandardJMeterEngine: Thread will continue on error
2021-06-25 00:14:19,316 INFO o.a.j.t.ThreadGroup: Starting thread group... number=2 threads=1 ramp-up=1 delayedStart=false
2021-06-25 00:14:19,316 INFO o.a.j.t.ThreadGroup: Started thread group number 2
2021-06-25 00:14:19,316 INFO o.a.j.e.StandardJMeterEngine: All thread groups have been started
2021-06-25 00:14:19,316 INFO o.a.j.t.JMeterThread: Thread started: Thread Habit 1-1
2021-06-25 00:14:19,316 INFO o.a.j.t.JMeterThread: Thread started: Thread Post 2-1
2021-06-25 00:14:19,316 INFO c.b.c.RandomCSVReader: Start reading the file: D:\users\eidur\Desktop\Bases I\Proyecto2-BD1\Automation\test1.csv
2021-06-25 00:14:19,316 INFO c.b.c.RandomCSVReader: Start reading the file: D:\users\eidur\Desktop\Bases I\Proyecto2-BD1\Automation\test1.csv
2021-06-25 00:14:19,317 INFO c.b.c.RandomCSVReader: Reading finished. Found 4 records in your csv file
2021-06-25 00:14:19,317 INFO c.b.c.RandomCSVReader: Reading finished. Found 4 records in your csv file
2021-06-25 00:14:19,317 INFO c.b.c.RandomCSVReader: Start reading the file: D:\users\eidur\Desktop\Bases I\Proyecto2-BD1\Automation\test1.csv
2021-06-25 00:14:19,317 INFO c.b.c.RandomCSVReader: Start reading the file: D:\users\eidur\Desktop\Bases I\Proyecto2-BD1\Automation\test1.csv
2021-06-25 00:14:19,317 INFO c.b.c.RandomCSVReader: Reading finished. Found 4 records in your csv file
2021-06-25 00:14:19,317 INFO c.b.c.RandomCSVReader: Reading finished. Found 4 records in your csv file
2021-06-25 00:14:19,318 INFO o.a.j.s.FileServer: Stored: D:/users/eidur/Desktop/Bases I/Proyecto2-BD1/Automation/monthshabits.csv Alias: D:/users/eidur/Desktop/Bases I/Proyecto2-BD1/Automation/monthshabits.csv@24058375
2021-06-25 00:14:19,318 INFO o.a.j.s.FileServer: Stored: D:/users/eidur/Desktop/Bases I/Proyecto2-BD1/Automation/coordinates.csv
2021-06-25 00:14:19,319 INFO o.a.j.s.FileServer: Stored: D:/users/eidur/Desktop/Bases I/Proyecto2-BD1/Automation/months.csv
2021-06-25 00:14:19,328 INFO o.a.j.t.JMeterThread: Thread is done: Thread Post 2-1
2021-06-25 00:14:19,328 INFO o.a.j.t.JMeterThread: Thread finished: Thread Post 2-1
2021-06-25 00:14:19,405 INFO o.a.j.t.JMeterThread: Thread is done: Thread Habit 1-1
2021-06-25 00:14:19,405 INFO o.a.j.t.JMeterThread: Thread finished: Thread Habit 1-1
2021-06-25 00:14:19,406 INFO o.a.j.e.StandardJMeterEngine: Notifying test listeners of end of test
2021-06-25 00:14:19,406 INFO o.a.j.s.FileServer: Close: D:/users/eidur/Desktop/Bases I/Proyecto2-BD1/Automation/coordinates.csv
2021-06-25 00:14:19,406 INFO o.a.j.s.FileServer: Close: D:/users/eidur/Desktop/Bases I/Proyecto2-BD1/Automation/monthshabits.csv@24058375
2021-06-25 00:14:19,407 INFO o.a.j.s.FileServer: Close: D:/users/eidur/Desktop/Bases I/Proyecto2-BD1/Automation/months.csv
2021-06-25 00:14:19,407 INFO o.a.j.g.u.JMeterMenuBar: setRunning(false, *local*)
